<?xml version="1.0" encoding="UTF-8" ?>
<testsuite tests="1" failures="0" name="pcap.camel.pcapComponentTest" time="0.519" errors="1" skipped="0">
  <properties>
[...]
</properties>
  <testcase classname="pcap.camel.pcapComponentTest" name="testpcap" time="0.519">
    <error type="java.lang.NullPointerException">java.lang.NullPointerException
	at pcap.camel.PcapHandleFactory.createHandle(PcapHandleFactory.java:18)
	at pcap.camel.PcapConsumer.doStart(PcapConsumer.java:32)
	at org.apache.camel.support.service.BaseService.start(BaseService.java:115)
	at org.apache.camel.impl.engine.AbstractCamelContext.startService(AbstractCamelContext.java:3025)
	at org.apache.camel.impl.engine.InternalRouteStartupManager.doStartOrResumeRouteConsumers(InternalRouteStartupManager.java:348)
	at org.apache.camel.impl.engine.InternalRouteStartupManager.doStartRouteConsumers(InternalRouteStartupManager.java:275)
	at org.apache.camel.impl.engine.InternalRouteStartupManager.safelyStartRouteServices(InternalRouteStartupManager.java:180)
	at org.apache.camel.impl.engine.InternalRouteStartupManager.doStartOrResumeRoutes(InternalRouteStartupManager.java:114)
	at org.apache.camel.impl.engine.AbstractCamelContext.doStartCamel(AbstractCamelContext.java:2809)
	at org.apache.camel.impl.engine.AbstractCamelContext.doStartContext(AbstractCamelContext.java:2657)
	at org.apache.camel.impl.engine.AbstractCamelContext.doStart(AbstractCamelContext.java:2620)
	at org.apache.camel.support.service.BaseService.start(BaseService.java:115)
	at org.apache.camel.impl.engine.AbstractCamelContext.start(AbstractCamelContext.java:2452)
	at org.apache.camel.test.junit4.CamelTestSupport.startCamelContext(CamelTestSupport.java:816)
	at org.apache.camel.test.junit4.CamelTestSupport.doSetUp(CamelTestSupport.java:456)
	at org.apache.camel.test.junit4.CamelTestSupport.setUp(CamelTestSupport.java:332)
	at sun.reflect.NativeMethodAccessorImpl.invoke0(Native Method)
	at sun.reflect.NativeMethodAccessorImpl.invoke(NativeMethodAccessorImpl.java:62)
	at sun.reflect.DelegatingMethodAccessorImpl.invoke(DelegatingMethodAccessorImpl.java:43)
	at java.lang.reflect.Method.invoke(Method.java:498)
	at org.junit.runners.model.FrameworkMethod$1.runReflectiveCall(FrameworkMethod.java:59)
	at org.junit.internal.runners.model.ReflectiveCallable.run(ReflectiveCallable.java:12)
	at org.junit.runners.model.FrameworkMethod.invokeExplosively(FrameworkMethod.java:56)
	at org.junit.internal.runners.statements.RunBefores.invokeMethod(RunBefores.java:33)
	at org.junit.internal.runners.statements.RunBefores.evaluate(RunBefores.java:24)
	at org.junit.internal.runners.statements.RunAfters.evaluate(RunAfters.java:27)
	at org.junit.rules.TestWatcher$1.evaluate(TestWatcher.java:61)
	at org.junit.rules.TestWatcher$1.evaluate(TestWatcher.java:61)
	at org.junit.runners.ParentRunner$3.evaluate(ParentRunner.java:306)
	at org.junit.runners.BlockJUnit4ClassRunner$1.evaluate(BlockJUnit4ClassRunner.java:100)
	at org.junit.runners.ParentRunner.runLeaf(ParentRunner.java:366)
	at org.junit.runners.BlockJUnit4ClassRunner.runChild(BlockJUnit4ClassRunner.java:103)
	at org.junit.runners.BlockJUnit4ClassRunner.runChild(BlockJUnit4ClassRunner.java:63)
	at org.junit.runners.ParentRunner$4.run(ParentRunner.java:331)
	at org.junit.runners.ParentRunner$1.schedule(ParentRunner.java:79)
	at org.junit.runners.ParentRunner.runChildren(ParentRunner.java:329)
	at org.junit.runners.ParentRunner.access$100(ParentRunner.java:66)
	at org.junit.runners.ParentRunner$2.evaluate(ParentRunner.java:293)
	at org.junit.rules.ExternalResource$1.evaluate(ExternalResource.java:54)
	at org.junit.rules.RunRules.evaluate(RunRules.java:20)
	at org.junit.runners.ParentRunner$3.evaluate(ParentRunner.java:306)
	at org.junit.runners.ParentRunner.run(ParentRunner.java:413)
	at org.apache.maven.surefire.junit4.JUnit4Provider.execute(JUnit4Provider.java:252)
	at org.apache.maven.surefire.junit4.JUnit4Provider.executeTestSet(JUnit4Provider.java:141)
	at org.apache.maven.surefire.junit4.JUnit4Provider.invoke(JUnit4Provider.java:112)
	at sun.reflect.NativeMethodAccessorImpl.invoke0(Native Method)
	at sun.reflect.NativeMethodAccessorImpl.invoke(NativeMethodAccessorImpl.java:62)
	at sun.reflect.DelegatingMethodAccessorImpl.invoke(DelegatingMethodAccessorImpl.java:43)
	at java.lang.reflect.Method.invoke(Method.java:498)
	at org.apache.maven.surefire.util.ReflectionUtils.invokeMethodWithArray(ReflectionUtils.java:189)
	at org.apache.maven.surefire.booter.ProviderFactory$ProviderProxy.invoke(ProviderFactory.java:165)
	at org.apache.maven.surefire.booter.ProviderFactory.invokeProvider(ProviderFactory.java:85)
	at org.apache.maven.surefire.booter.ForkedBooter.runSuitesInProcess(ForkedBooter.java:115)
	at org.apache.maven.surefire.booter.ForkedBooter.main(ForkedBooter.java:75)
</error>
    <system-out>[                          main] CamelTestSupport               INFO  ********************************************************************************
[                          main] CamelTestSupport               INFO  Testing: testpcap(pcap.camel.pcapComponentTest)
[                          main] CamelTestSupport               INFO  ********************************************************************************
[                          main] LRUCacheFactory                INFO  Detected and using LRUCacheFactory: camel-caffeine-lrucache
[                          main] AbstractCamelContext           INFO  Apache Camel 3.4.2 (camel-1) is starting
[                          main] AbstractCamelContext           INFO  StreamCaching is not in use. If using streams then its recommended to enable stream caching. See more details at http://camel.apache.org/stream-caching.html
[                          main] NativeMappings                 INFO  Pcap4J successfully loaded a native pcap library: libpcap version 1.9.1 (with TPACKET_V3)
[                          main] PropertiesLoader               INFO  [org/pcap4j/pcap4j.properties] Could not get value by org.pcap4j.af.inet, use default value: 2
[                          main] PropertiesLoader               INFO  [org/pcap4j/pcap4j.properties] Could not get value by org.pcap4j.af.inet6, use default value: 10
[                          main] PropertiesLoader               INFO  [org/pcap4j/pcap4j.properties] Could not get value by org.pcap4j.af.packet, use default value: 17
[                          main] PropertiesLoader               INFO  [org/pcap4j/pcap4j.properties] Could not get value by org.pcap4j.af.link, use default value: 18
[                          main] Pcaps                          INFO  7 NIF(s) found.
[                          main] AbstractCamelContext           ERROR Error starting CamelContext (camel-1) due to exception thrown: null
java.lang.NullPointerException: null
	at pcap.camel.PcapHandleFactory.createHandle(PcapHandleFactory.java:18) ~[classes/:?]
	at pcap.camel.PcapConsumer.doStart(PcapConsumer.java:32) ~[classes/:?]
	at org.apache.camel.support.service.BaseService.start(BaseService.java:115) ~[camel-api-3.4.2.jar:3.4.2]
	at org.apache.camel.impl.engine.AbstractCamelContext.startService(AbstractCamelContext.java:3025) ~[camel-base-3.4.2.jar:3.4.2]
	at org.apache.camel.impl.engine.InternalRouteStartupManager.doStartOrResumeRouteConsumers(InternalRouteStartupManager.java:348) ~[camel-base-3.4.2.jar:3.4.2]
	at org.apache.camel.impl.engine.InternalRouteStartupManager.doStartRouteConsumers(InternalRouteStartupManager.java:275) ~[camel-base-3.4.2.jar:3.4.2]
	at org.apache.camel.impl.engine.InternalRouteStartupManager.safelyStartRouteServices(InternalRouteStartupManager.java:180) ~[camel-base-3.4.2.jar:3.4.2]
	at org.apache.camel.impl.engine.InternalRouteStartupManager.doStartOrResumeRoutes(InternalRouteStartupManager.java:114) ~[camel-base-3.4.2.jar:3.4.2]
	at org.apache.camel.impl.engine.AbstractCamelContext.doStartCamel(AbstractCamelContext.java:2809) ~[camel-base-3.4.2.jar:3.4.2]
	at org.apache.camel.impl.engine.AbstractCamelContext.doStartContext(AbstractCamelContext.java:2657) [camel-base-3.4.2.jar:3.4.2]
	at org.apache.camel.impl.engine.AbstractCamelContext.doStart(AbstractCamelContext.java:2620) [camel-base-3.4.2.jar:3.4.2]
	at org.apache.camel.support.service.BaseService.start(BaseService.java:115) [camel-api-3.4.2.jar:3.4.2]
	at org.apache.camel.impl.engine.AbstractCamelContext.start(AbstractCamelContext.java:2452) [camel-base-3.4.2.jar:3.4.2]
	at org.apache.camel.test.junit4.CamelTestSupport.startCamelContext(CamelTestSupport.java:816) [camel-test-3.4.2.jar:3.4.2]
	at org.apache.camel.test.junit4.CamelTestSupport.doSetUp(CamelTestSupport.java:456) [camel-test-3.4.2.jar:3.4.2]
	at org.apache.camel.test.junit4.CamelTestSupport.setUp(CamelTestSupport.java:332) [camel-test-3.4.2.jar:3.4.2]
	at sun.reflect.NativeMethodAccessorImpl.invoke0(Native Method) ~[?:1.8.0_265]
	at sun.reflect.NativeMethodAccessorImpl.invoke(NativeMethodAccessorImpl.java:62) ~[?:1.8.0_265]
	at sun.reflect.DelegatingMethodAccessorImpl.invoke(DelegatingMethodAccessorImpl.java:43) ~[?:1.8.0_265]
	at java.lang.reflect.Method.invoke(Method.java:498) ~[?:1.8.0_265]
	at org.junit.runners.model.FrameworkMethod$1.runReflectiveCall(FrameworkMethod.java:59) [junit-4.13.jar:4.13]
	at org.junit.internal.runners.model.ReflectiveCallable.run(ReflectiveCallable.java:12) [junit-4.13.jar:4.13]
	at org.junit.runners.model.FrameworkMethod.invokeExplosively(FrameworkMethod.java:56) [junit-4.13.jar:4.13]
	at org.junit.internal.runners.statements.RunBefores.invokeMethod(RunBefores.java:33) [junit-4.13.jar:4.13]
	at org.junit.internal.runners.statements.RunBefores.evaluate(RunBefores.java:24) [junit-4.13.jar:4.13]
	at org.junit.internal.runners.statements.RunAfters.evaluate(RunAfters.java:27) [junit-4.13.jar:4.13]
	at org.junit.rules.TestWatcher$1.evaluate(TestWatcher.java:61) [junit-4.13.jar:4.13]
	at org.junit.rules.TestWatcher$1.evaluate(TestWatcher.java:61) [junit-4.13.jar:4.13]
	at org.junit.runners.ParentRunner$3.evaluate(ParentRunner.java:306) [junit-4.13.jar:4.13]
	at org.junit.runners.BlockJUnit4ClassRunner$1.evaluate(BlockJUnit4ClassRunner.java:100) [junit-4.13.jar:4.13]
	at org.junit.runners.ParentRunner.runLeaf(ParentRunner.java:366) [junit-4.13.jar:4.13]
	at org.junit.runners.BlockJUnit4ClassRunner.runChild(BlockJUnit4ClassRunner.java:103) [junit-4.13.jar:4.13]
	at org.junit.runners.BlockJUnit4ClassRunner.runChild(BlockJUnit4ClassRunner.java:63) [junit-4.13.jar:4.13]
	at org.junit.runners.ParentRunner$4.run(ParentRunner.java:331) [junit-4.13.jar:4.13]
	at org.junit.runners.ParentRunner$1.schedule(ParentRunner.java:79) [junit-4.13.jar:4.13]
	at org.junit.runners.ParentRunner.runChildren(ParentRunner.java:329) [junit-4.13.jar:4.13]
	at org.junit.runners.ParentRunner.access$100(ParentRunner.java:66) [junit-4.13.jar:4.13]
	at org.junit.runners.ParentRunner$2.evaluate(ParentRunner.java:293) [junit-4.13.jar:4.13]
	at org.junit.rules.ExternalResource$1.evaluate(ExternalResource.java:54) [junit-4.13.jar:4.13]
	at org.junit.rules.RunRules.evaluate(RunRules.java:20) [junit-4.13.jar:4.13]
	at org.junit.runners.ParentRunner$3.evaluate(ParentRunner.java:306) [junit-4.13.jar:4.13]
	at org.junit.runners.ParentRunner.run(ParentRunner.java:413) [junit-4.13.jar:4.13]
	at org.apache.maven.surefire.junit4.JUnit4Provider.execute(JUnit4Provider.java:252) [surefire-junit4-2.12.4.jar:2.12.4]
	at org.apache.maven.surefire.junit4.JUnit4Provider.executeTestSet(JUnit4Provider.java:141) [surefire-junit4-2.12.4.jar:2.12.4]
	at org.apache.maven.surefire.junit4.JUnit4Provider.invoke(JUnit4Provider.java:112) [surefire-junit4-2.12.4.jar:2.12.4]
	at sun.reflect.NativeMethodAccessorImpl.invoke0(Native Method) ~[?:1.8.0_265]
	at sun.reflect.NativeMethodAccessorImpl.invoke(NativeMethodAccessorImpl.java:62) ~[?:1.8.0_265]
	at sun.reflect.DelegatingMethodAccessorImpl.invoke(DelegatingMethodAccessorImpl.java:43) ~[?:1.8.0_265]
	at java.lang.reflect.Method.invoke(Method.java:498) ~[?:1.8.0_265]
	at org.apache.maven.surefire.util.ReflectionUtils.invokeMethodWithArray(ReflectionUtils.java:189) [surefire-api-2.12.4.jar:2.12.4]
	at org.apache.maven.surefire.booter.ProviderFactory$ProviderProxy.invoke(ProviderFactory.java:165) [surefire-booter-2.12.4.jar:2.12.4]
	at org.apache.maven.surefire.booter.ProviderFactory.invokeProvider(ProviderFactory.java:85) [surefire-booter-2.12.4.jar:2.12.4]
	at org.apache.maven.surefire.booter.ForkedBooter.runSuitesInProcess(ForkedBooter.java:115) [surefire-booter-2.12.4.jar:2.12.4]
	at org.apache.maven.surefire.booter.ForkedBooter.main(ForkedBooter.java:75) [surefire-booter-2.12.4.jar:2.12.4]
[                          main] AbstractCamelContext           INFO  Apache Camel 3.4.2 (camel-1) is shutting down
[                          main] AbstractCamelContext           INFO  Apache Camel 3.4.2 (camel-1) uptime 0.109 seconds
[                          main] AbstractCamelContext           INFO  Apache Camel 3.4.2 (camel-1) is shutdown in 0.008 seconds
[                          main] CamelTestSupport               INFO  ********************************************************************************
[                          main] CamelTestSupport               INFO  Testing done: testpcap(pcap.camel.pcapComponentTest)
[                          main] CamelTestSupport               INFO  Took: 0.504 seconds (504 millis)
[                          main] CamelTestSupport               INFO  ********************************************************************************
</system-out>
  </testcase>
</testsuite>